<?xml version="1.0" encoding="UTF-8"?>
<!-- Generated by org.testng.reporters.JUnitReportReporter -->
<testsuite skipped="0" hostname="MOHANAP14241LX" name="baseClass.HomePageTest" tests="1" failures="0" timestamp="31 Jul 2018 11:09:02 GMT" time="8.904" errors="0">
  <testcase name="homePagetest" time="8.904" classname="baseClass.HomePageTest"/>
</testsuite> <!-- baseClass.HomePageTest -->
